2025-07-03 16:24:56,799 - YOLO_TRAIN - INFO : ====================日志记录器开始初始化====================
2025-07-03 16:24:56,799 - YOLO_TRAIN - INFO : 日志记录器已初始化，日志文件保存在: logs\train\temp_20250703-162456_yolov8.log
2025-07-03 16:24:56,800 - YOLO_TRAIN - INFO : 日志记录器初始化时间：2025-07-03 16:24:56.800489
2025-07-03 16:24:56,800 - YOLO_TRAIN - INFO : 日志记录器名称: YOLO_TRAIN
2025-07-03 16:24:56,800 - YOLO_TRAIN - INFO : 日志记录器最低记录级别: INFO
2025-07-03 16:24:56,800 - YOLO_TRAIN - INFO : ====================日志记录器初始化完成====================
2025-07-03 16:24:56,810 - YOLO_TRAIN - INFO : ========================日志记录器初始化开始=========================
2025-07-03 16:24:56,810 - YOLO_TRAIN - INFO : 当前日志记录器的根目录: C:\Users\22341\Project\safeyolo\logs
2025-07-03 16:24:56,810 - YOLO_TRAIN - INFO : 当前日志记录器的名称: YOLO_TRAIN
2025-07-03 16:24:56,811 - YOLO_TRAIN - INFO : 当前日志记录器的类型: train
2025-07-03 16:24:56,811 - YOLO_TRAIN - INFO : 单前日志记录器的级别: INFO
2025-07-03 16:24:56,811 - YOLO_TRAIN - INFO : ========================日志记录器初始化成功=========================
2025-07-03 16:24:56,811 - YOLO_TRAIN - INFO : ===============================YOLO 训练脚本启动=================================
2025-07-03 16:24:56,812 - YOLO_TRAIN - INFO : ========================================
2025-07-03 16:24:56,812 - YOLO_TRAIN - INFO : 设备信息概览
2025-07-03 16:24:56,812 - YOLO_TRAIN - INFO : ========================================
2025-07-03 16:24:56,843 - YOLO_TRAIN - INFO : 基本设备信息              : {
  "OS": {
    "Type": "Windows",
    "Version": "10.0.26120"
  },
  "CPU": {
    "Cores": 20,
    "Usage": 15.0
  },
  "Memory": {
    "Total": "34.14 GB"
  },
  "GPU": {
    "Available": true,
    "Count": 1,
    "Model": "NVIDIA GeForce RTX 3050 Laptop GPU"
  }
}
2025-07-03 16:24:56,847 - YOLO_TRAIN - INFO : ========================================
2025-07-03 16:24:56,847 - YOLO_TRAIN - INFO : 参数信息
2025-07-03 16:24:56,847 - YOLO_TRAIN - INFO : ========================================
2025-07-03 16:24:56,847 - YOLO_TRAIN - INFO : epochs              : 5  来源: [YAML]
2025-07-03 16:24:56,848 - YOLO_TRAIN - INFO : batch               : 16  来源: [YAML]
2025-07-03 16:24:56,848 - YOLO_TRAIN - INFO : names               : []  来源: [YAML]
2025-07-03 16:24:56,848 - YOLO_TRAIN - INFO : nc                  : 0  来源: [YAML]
2025-07-03 16:24:56,848 - YOLO_TRAIN - INFO : train               : images/train  来源: [YAML]
2025-07-03 16:24:56,849 - YOLO_TRAIN - INFO : val                 : images/val  来源: [YAML]
2025-07-03 16:24:56,849 - YOLO_TRAIN - INFO : data                : configs/data.yaml  来源: [YAML]
2025-07-03 16:24:56,849 - YOLO_TRAIN - INFO : ========================================
2025-07-03 16:24:56,849 - YOLO_TRAIN - INFO : 数据准备
2025-07-03 16:24:56,849 - YOLO_TRAIN - INFO : ========================================
2025-07-03 16:24:56,849 - YOLO_TRAIN - INFO : 开始数据准备...
2025-07-03 16:24:57,061 - YOLO_TRAIN - INFO : 已清理并初始化输出目录和配置文件。
2025-07-03 16:24:57,062 - YOLO_TRAIN - CRITICAL : 原生YOLO格式必须指定类别列表 --classes
