2025-06-30 16:54:36 - __main__ - [INFO] - ==========================================
2025-06-30 16:54:36 - __main__ - [INFO] -           启动 SafeYolo 项目初始化脚本          
2025-06-30 16:54:36 - __main__ - [INFO] - ==========================================

2025-06-30 16:54:36 - __main__ - [INFO] - --- 1. 开始创建标准目录结构 ---
2025-06-30 16:54:36 - __main__ - [INFO] - 成功创建目录: configs
2025-06-30 16:54:36 - __main__ - [INFO] - 成功创建目录: data
2025-06-30 16:54:36 - __main__ - [INFO] - 成功创建目录: data\raw
2025-06-30 16:54:36 - __main__ - [INFO] - 成功创建目录: data\raw\images
2025-06-30 16:54:36 - __main__ - [INFO] - 成功创建目录: data\raw\original_annotations
2025-06-30 16:54:36 - __main__ - [INFO] - 成功创建目录: data\raw\yolo_staged_labels
2025-06-30 16:54:36 - __main__ - [INFO] - 目录已存在，跳过: logs
2025-06-30 16:54:36 - __main__ - [INFO] - 成功创建目录: models
2025-06-30 16:54:36 - __main__ - [INFO] - 成功创建目录: models\checkpoints
2025-06-30 16:54:36 - __main__ - [INFO] - 成功创建目录: models\pretrained
2025-06-30 16:54:36 - __main__ - [INFO] - 成功创建目录: runs
2025-06-30 16:54:36 - __main__ - [INFO] - 目录已存在，跳过: scripts
2025-06-30 16:54:36 - __main__ - [INFO] - --- 目录结构检查/创建完成 ---

2025-06-30 16:54:36 - __main__ - [INFO] - --- 2. 开始检查原始数据目录 ---
2025-06-30 16:54:36 - __main__ - [INFO] - 检查 'data\raw\images' ... 状态: 为空
2025-06-30 16:54:36 - __main__ - [INFO] - 检查 'data\raw\original_annotations' ... 状态: 为空
2025-06-30 16:54:36 - __main__ - [INFO] - --- 原始数据目录检查完成 ---

2025-06-30 16:54:36 - __main__ - [INFO] - 
项目初始化流程顺利结束。
